<?xml version="1.0" encoding="UTF-8"?>
<!-- Generated by org.testng.reporters.JUnitReportReporter -->
<testsuite hostname="DESKTOP-RJMT1GF" failures="0" tests="2" name="Car" time="0.012" errors="0" timestamp="2021-09-11T11:09:45 IST" skipped="0">
  <testcase classname="Car" name="Honk" time="0.010"/>
  <system-out/>
  <testcase classname="Car" name="SecondTest" time="0.002"/>
  <system-out/>
</testsuite> <!-- Car -->
