<?xml version="1.0" encoding="UTF-8"?>
<!-- Generated by org.testng.reporters.JUnitReportReporter -->
<testsuite hostname="DESKTOP-RJMT1GF" failures="0" tests="2" name="Test.Car3" time="0.007" errors="0" timestamp="2021-09-11T16:44:27 IST" skipped="0">
  <testcase classname="Test.Car3" name="LoginAPIHomeLoan" time="0.002"/>
  <system-out/>
  <testcase classname="Test.Car3" name="WebLoginHomeLoan" time="0.005"/>
  <system-out/>
</testsuite> <!-- Test.Car3 -->
