<?xml version="1.0" encoding="UTF-8"?>
<!-- Generated by org.testng.reporters.JUnitReportReporter -->
<testsuite hostname="DESKTOP-RJMT1GF" failures="0" tests="2" name="Test.Car" time="0.013" errors="0" timestamp="2021-09-11T16:44:27 IST" skipped="0">
  <testcase classname="Test.Car" name="SecondTest" time="0.003"/>
  <system-out/>
  <testcase classname="Test.Car" name="Honk" time="0.010"/>
  <system-out/>
</testsuite> <!-- Test.Car -->
