<?xml version="1.0" encoding="UTF-8"?>
<!-- Generated by org.testng.reporters.JUnitReportReporter -->
<testsuite hostname="DESKTOP-RJMT1GF" failures="0" tests="2" name="Test.Car2" time="0.003" errors="0" timestamp="2021-09-11T16:44:27 IST" skipped="0">
  <testcase classname="Test.Car2" name="Honk" time="0.001"/>
  <system-out/>
  <testcase classname="Test.Car2" name="SecondTest" time="0.002"/>
  <system-out/>
</testsuite> <!-- Test.Car2 -->
